#
# A fatal error has been detected by the Java Runtime Environment:
#
#  EXCEPTION_ACCESS_VIOLATION (0xc0000005) at pc=0x00007ffa152be2ca, pid=1912, tid=13152
#
# JRE version: OpenJDK Runtime Environment Temurin-21.0.10+7 (21.0.10+7) (build 21.0.10+7-LTS)
# Java VM: OpenJDK 64-Bit Server VM Temurin-21.0.10+7 (21.0.10+7-LTS, mixed mode, sharing, tiered, compressed oops, compressed class ptrs, g1 gc, windows-amd64)
# Problematic frame:
# C  [lwjgl_opengl.dll+0xe2ca]
#
# No core dump will be written. Minidumps are not enabled by default on client versions of Windows
#
# If you would like to submit a bug report, please visit:
#   https://github.com/adoptium/adoptium-support/issues
# The crash happened outside the Java Virtual Machine in native code.
# See problematic frame for where to report the bug.
#

---------------  S U M M A R Y ------------

Command Line: -Dfile.encoding=UTF-8 -Dstdout.encoding=UTF-8 -Dstderr.encoding=UTF-8 -XX:+ShowCodeDetailsInExceptionMessages com.bora.renderer.Main

Host: AMD Ryzen 7 PRO 5850U with Radeon Graphics     , 16 cores, 14G,  Windows 11 , 64 bit Build 26100 (10.0.26100.7705)
Time: Wed Feb 25 12:59:54 2026 T僡kiye Standart Saati elapsed time: 0.706385 seconds (0d 0h 0m 0s)

---------------  T H R E A D  ---------------

Current thread (0x0000029726fdf4f0):  JavaThread "main"             [_thread_in_native, id=13152, stack(0x000000def6700000,0x000000def6800000) (1024K)]

Stack: [0x000000def6700000,0x000000def6800000],  sp=0x000000def67ff668,  free space=1021k
Native frames: (J=compiled Java code, j=interpreted, Vv=VM code, C=native code)
C  [lwjgl_opengl.dll+0xe2ca]

Java frames: (J=compiled Java code, j=interpreted, Vv=VM code)
j  org.lwjgl.opengl.GL20C.glUseProgram(I)V+0
j  com.bora.renderer.Main.main([Ljava/lang/String;)V+24
v  ~StubRoutines::call_stub 0x0000029731de100d

siginfo: EXCEPTION_ACCESS_VIOLATION (0xc0000005), reading address 0x0000000000000e78


Registers:
RAX=0x00000297874833f0, RBX=0x00000297834fabf0, RCX=0x0000000000000000, RDX=0x0000000000000000
RSP=0x000000def67ff668, RBP=0x000000def67ff6e8, RSI=0x0000000000003230, RDI=0x0000029731de8988
R8 =0x0000000000000000, R9 =0x0000029724beaa60, R10=0x0000029731decd3c, R11=0x000000072124c688
R12=0x0000000000000000, R13=0x00000297834fabe8, R14=0x000000def67ff708, R15=0x0000029726fdf4f0
RIP=0x00007ffa152be2ca, EFLAGS=0x0000000000010202

XMM[0]=0x0000000000000000 0x0000000000000000
XMM[1]=0x0000000000000000 0x0000000000000000
XMM[2]=0x2525252525252525 0x2525252525252525
XMM[3]=0x0000000000000000 0x0000000000000000
XMM[4]=0x0000000000000000 0x0000000000000000
XMM[5]=0x4c475f6c676e6570 0x6f5f6c676a776c5f
XMM[6]=0x0000000000000000 0x0000000000000000
XMM[7]=0x0000000000000000 0x0000000000000000
XMM[8]=0x0000000000000000 0x0000000000000000
XMM[9]=0x0000000000000000 0x0000000000000000
XMM[10]=0x0000000000000000 0x0000000000000000
XMM[11]=0x0000000000000000 0x0000000000000000
XMM[12]=0x0000000000000000 0x0000000000000000
XMM[13]=0x0000000000000000 0x0000000000000000
XMM[14]=0x0000000000000000 0x0000000000000000
XMM[15]=0x0000000000000000 0x0000000000000000
  MXCSR=0x00001fa0


Register to memory mapping:

RAX=0x00000297874833f0 points into unknown readable memory: 0x0000000000000000 | 00 00 00 00 00 00 00 00
RBX={method} {0x00000297834fabf8} 'glUseProgram' '(I)V' in 'org/lwjgl/opengl/GL20C'
RCX=0x0 is null
RDX=0x0 is null
RSP=0x000000def67ff668 is pointing into the stack for thread: 0x0000029726fdf4f0
RBP=0x000000def67ff6e8 is pointing into the stack for thread: 0x0000029726fdf4f0
RSI=0x0000000000003230 is an unknown value
RDI=0x0000029731de8988 is at code_begin+1480 in an Interpreter codelet
return entry points  [0x0000029731de83c0, 0x0000029731de8f60]  2976 bytes
R8 =0x0 is null
R9 =0x0000029724beaa60 points into unknown readable memory: 0x0000004000000001 | 01 00 00 00 40 00 00 00
R10=0x0000029731decd3c is at code_begin+1020 in an Interpreter codelet
native method entry point (kind = native)  [0x0000029731dec940, 0x0000029731ded398]  2648 bytes
R11=0x000000072124c688 is an oop: java.lang.Class 
{0x000000072124c688} - klass: 'java/lang/Class'
 - ---- fields (total size 54 words):
 - private volatile transient 'classRedefinedCount' 'I' @12  0 (0x00000000)
 - injected 'klass' 'J' @16  2848687475240 (0x0000029743014a28)
 - injected 'array_klass' 'J' @24  0 (0x0000000000000000)
 - injected 'oop_size' 'I' @32  54 (0x00000036)
 - injected 'static_oop_field_count' 'I' @36  0 (0x00000000)
 - private volatile transient 'cachedConstructor' 'Ljava/lang/reflect/Constructor;' @40  null (0x00000000)
 - private transient 'name' 'Ljava/lang/String;' @44  "org.lwjgl.opengl.GL20C"{0x000000072124c980} (0xe4249930)
 - private transient 'module' 'Ljava/lang/Module;' @48  a 'java/lang/Module'{0x0000000721863eb8} (0xe430c7d7)
 - private final 'classLoader' 'Ljava/lang/ClassLoader;' @52  a 'jdk/internal/loader/ClassLoaders$AppClassLoader'{0x0000000721863cf8} (0xe430c79f)
 - private transient 'classData' 'Ljava/lang/Object;' @56  null (0x00000000)
 - private transient 'packageName' 'Ljava/lang/String;' @60  "org.lwjgl.opengl"{0x00000007215988d0} (0xe42b311a)
 - private final 'componentType' 'Ljava/lang/Class;' @64  null (0x00000000)
 - private volatile transient 'reflectionData' 'Ljava/lang/ref/SoftReference;' @68  null (0x00000000)
 - private volatile transient 'genericInfo' 'Lsun/reflect/generics/repository/ClassRepository;' @72  null (0x00000000)
 - private volatile transient 'enumConstants' '[Ljava/lang/Object;' @76  null (0x00000000)
 - private volatile transient 'enumConstantDirectory' 'Ljava/util/Map;' @80  null (0x00000000)
 - private volatile transient 'annotationData' 'Ljava/lang/Class$AnnotationData;' @84  null (0x00000000)
 - private volatile transient 'annotationType' 'Lsun/reflect/annotation/AnnotationType;' @88  null (0x00000000)
 - transient 'classValueMap' 'Ljava/lang/ClassValue$ClassValueMap;' @92  null (0x00000000)
 - injected 'protection_domain' 'Ljava/lang/Object;' @96  a 'java/security/ProtectionDomain'{0x00000007215a5730} (0xe42b4ae6)
 - injected 'signers_name' 'Ljava/lang/Object;' @100  null (0x00000000)
 - injected 'source_file' 'Ljava/lang/Object;' @104  null (0x00000000)
 - injected '<init_lock>' 'Ljava/lang/Object;' @108  null (0x00000000)
 - signature: Lorg/lwjgl/opengl/GL20C;
 - ---- static fields (0):
 - public static final 'GL_SHADING_LANGUAGE_VERSION' 'I' @112  35724 (0x00008b8c)
 - public static final 'GL_CURRENT_PROGRAM' 'I' @116  35725 (0x00008b8d)
 - public static final 'GL_SHADER_TYPE' 'I' @120  35663 (0x00008b4f)
 - public static final 'GL_DELETE_STATUS' 'I' @124  35712 (0x00008b80)
 - public static final 'GL_COMPILE_STATUS' 'I' @128  35713 (0x00008b81)
 - public static final 'GL_LINK_STATUS' 'I' @132  35714 (0x00008b82)
 - public static final 'GL_VALIDATE_STATUS' 'I' @136  35715 (0x00008b83)
 - public static final 'GL_INFO_LOG_LENGTH' 'I' @140  35716 (0x00008b84)
 - public static final 'GL_ATTACHED_SHADERS' 'I' @144  35717 (0x00008b85)
 - public static final 'GL_ACTIVE_UNIFORMS' 'I' @148  35718 (0x00008b86)
 - public static final 'GL_ACTIVE_UNIFORM_MAX_LENGTH' 'I' @152  35719 (0x00008b87)
 - public static final 'GL_ACTIVE_ATTRIBUTES' 'I' @156  35721 (0x00008b89)
 - public static final 'GL_ACTIVE_ATTRIBUTE_MAX_LENGTH' 'I' @160  35722 (0x00008b8a)
 - public static final 'GL_SHADER_SOURCE_LENGTH' 'I' @164  35720 (0x00008b88)
 - public static final 'GL_FLOAT_VEC2' 'I' @168  35664 (0x00008b50)
 - public static final 'GL_FLOAT_VEC3' 'I' @172  35665 (0x00008b51)
 - public static final 'GL_FLOAT_VEC4' 'I' @176  35666 (0x00008b52)
 - public static final 'GL_INT_VEC2' 'I' @180  35667 (0x00008b53)
 - public static final 'GL_INT_VEC3' 'I' @184  35668 (0x00008b54)
 - public static final 'GL_INT_VEC4' 'I' @188  35669 (0x00008b55)
 - public static final 'GL_BOOL' 'I' @192  35670 (0x00008b56)
 - public static final 'GL_BOOL_VEC2' 'I' @196  35671 (0x00008b57)
 - public static final 'GL_BOOL_VEC3' 'I' @200  35672 (0x00008b58)
 - public static final 'GL_BOOL_VEC4' 'I' @204  35673 (0x00008b59)
 - public static final 'GL_FLOAT_MAT2' 'I' @208  35674 (0x00008b5a)
 - public static final 'GL_FLOAT_MAT3' 'I' @212  35675 (0x00008b5b)
 - public static final 'GL_FLOAT_MAT4' 'I' @216  35676 (0x00008b5c)
 - public static final 'GL_SAMPLER_1D' 'I' @220  35677 (0x00008b5d)
 - public static final 'GL_SAMPLER_2D' 'I' @224  35678 (0x00008b5e)
 - public static final 'GL_SAMPLER_3D' 'I' @228  35679 (0x00008b5f)
 - public static final 'GL_SAMPLER_CUBE' 'I' @232  35680 (0x00008b60)
 - public static final 'GL_SAMPLER_1D_SHADOW' 'I' @236  35681 (0x00008b61)
 - public static final 'GL_SAMPLER_2D_SHADOW' 'I' @240  35682 (0x00008b62)
 - public static final 'GL_VERTEX_SHADER' 'I' @244  35633 (0x00008b31)
 - public static final 'GL_MAX_VERTEX_UNIFORM_COMPONENTS' 'I' @248  35658 (0x00008b4a)
 - public static final 'GL_MAX_VARYING_FLOATS' 'I' @252  35659 (0x00008b4b)
 - public static final 'GL_MAX_VERTEX_ATTRIBS' 'I' @256  34921 (0x00008869)
 - public static final 'GL_MAX_TEXTURE_IMAGE_UNITS' 'I' @260  34930 (0x00008872)
 - public static final 'GL_MAX_VERTEX_TEXTURE_IMAGE_UNITS' 'I' @264  35660 (0x00008b4c)
 - public static final 'GL_MAX_COMBINED_TEXTURE_IMAGE_UNITS' 'I' @268  35661 (0x00008b4d)
 - public static final 'GL_VERTEX_PROGRAM_POINT_SIZE' 'I' @272  34370 (0x00008642)
 - public static final 'GL_VERTEX_ATTRIB_ARRAY_ENABLED' 'I' @276  34338 (0x00008622)
 - public static final 'GL_VERTEX_ATTRIB_ARRAY_SIZE' 'I' @280  34339 (0x00008623)
 - public static final 'GL_VERTEX_ATTRIB_ARRAY_STRIDE' 'I' @284  34340 (0x00008624)
 - public static final 'GL_VERTEX_ATTRIB_ARRAY_TYPE' 'I' @288  34341 (0x00008625)
 - public static final 'GL_VERTEX_ATTRIB_ARRAY_NORMALIZED' 'I' @292  34922 (0x0000886a)
 - public static final 'GL_CURRENT_VERTEX_ATTRIB' 'I' @296  34342 (0x00008626)
 - public static final 'GL_VERTEX_ATTRIB_ARRAY_POINTER' 'I' @300  34373 (0x00008645)
 - public static final 'GL_FRAGMENT_SHADER' 'I' @304  35632 (0x00008b30)
 - public static final 'GL_MAX_FRAGMENT_UNIFORM_COMPONENTS' 'I' @308  35657 (0x00008b49)
 - public static final 'GL_FRAGMENT_SHADER_DERIVATIVE_HINT' 'I' @312  35723 (0x00008b8b)
 - public static final 'GL_MAX_DRAW_BUFFERS' 'I' @316  34852 (0x00008824)
 - public static final 'GL_DRAW_BUFFER0' 'I' @320  34853 (0x00008825)
 - public static final 'GL_DRAW_BUFFER1' 'I' @324  34854 (0x00008826)
 - public static final 'GL_DRAW_BUFFER2' 'I' @328  34855 (0x00008827)
 - public static final 'GL_DRAW_BUFFER3' 'I' @332  34856 (0x00008828)
 - public static final 'GL_DRAW_BUFFER4' 'I' @336  34857 (0x00008829)
 - public static final 'GL_DRAW_BUFFER5' 'I' @340  34858 (0x0000882a)
 - public static final 'GL_DRAW_BUFFER6' 'I' @344  34859 (0x0000882b)
 - public static final 'GL_DRAW_BUFFER7' 'I' @348  34860 (0x0000882c)
 - public static final 'GL_DRAW_BUFFER8' 'I' @352  34861 (0x0000882d)
 - public static final 'GL_DRAW_BUFFER9' 'I' @356  34862 (0x0000882e)
 - public static final 'GL_DRAW_BUFFER10' 'I' @360  34863 (0x0000882f)
 - public static final 'GL_DRAW_BUFFER11' 'I' @364  34864 (0x00008830)
 - public static final 'GL_DRAW_BUFFER12' 'I' @368  34865 (0x00008831)
 - public static final 'GL_DRAW_BUFFER13' 'I' @372  34866 (0x00008832)
 - public static final 'GL_DRAW_BUFFER14' 'I' @376  34867 (0x00008833)
 - public static final 'GL_DRAW_BUFFER15' 'I' @380  34868 (0x00008834)
 - public static final 'GL_POINT_SPRITE_COORD_ORIGIN' 'I' @384  36000 (0x00008ca0)
 - public static final 'GL_LOWER_LEFT' 'I' @388  36001 (0x00008ca1)
 - public static final 'GL_UPPER_LEFT' 'I' @392  36002 (0x00008ca2)
 - public static final 'GL_BLEND_EQUATION_RGB' 'I' @396  32777 (0x00008009)
 - public static final 'GL_BLEND_EQUATION_ALPHA' 'I' @400  34877 (0x0000883d)
 - public static final 'GL_STENCIL_BACK_FUNC' 'I' @404  34816 (0x00008800)
 - public static final 'GL_STENCIL_BACK_FAIL' 'I' @408  34817 (0x00008801)
 - public static final 'GL_STENCIL_BACK_PASS_DEPTH_FAIL' 'I' @412  34818 (0x00008802)
 - public static final 'GL_STENCIL_BACK_PASS_DEPTH_PASS' 'I' @416  34819 (0x00008803)
 - public static final 'GL_STENCIL_BACK_REF' 'I' @420  36003 (0x00008ca3)
 - public static final 'GL_STENCIL_BACK_VALUE_MASK' 'I' @424  36004 (0x00008ca4)
 - public static final 'GL_STENCIL_BACK_WRITEMASK' 'I' @428  36005 (0x00008ca5)
R12=0x0 is null
R13=0x00000297834fabe8 is pointing into metadata
R14=0x000000def67ff708 is pointing into the stack for thread: 0x0000029726fdf4f0
R15=0x0000029726fdf4f0 is a thread

Top of Stack: (sp=0x000000def67ff668)
0x000000def67ff668:   0000029731decd6b 00000297834fabf0
0x000000def67ff678:   0000000000003230 000000def67ff6f8
0x000000def67ff688:   0000029731de8988 00007ff9f6b080c0
0x000000def67ff698:   0000029731dec9ff 000000def67ff6a0
0x000000def67ff6a8:   00000297834fabe8 0000000000000004
0x000000def67ff6b8:   0000029783528000 0000000000000000
0x000000def67ff6c8:   000000072124c688 00000297834fabf0
0x000000def67ff6d8:   0000000000000000 000000def67ff708
0x000000def67ff6e8:   000000def67ff758 0000029731de8860
0x000000def67ff6f8:   000000072124c688 0000029731dea3d7
0x000000def67ff708:   0000000000000000 000000def67ff710
0x000000def67ff718:   0000029783400390 0000000000000003
0x000000def67ff728:   0000029783400450 0000000000000000
0x000000def67ff738:   00000007219e4d58 00000297834003c8
0x000000def67ff748:   000000def67ff708 000000def67ff770
0x000000def67ff758:   000000def67ff950 0000029731de100d
0x000000def67ff768:   00000007219e74d8 00000007219e5468
0x000000def67ff778:   0000000000000040 0000000000000000
0x000000def67ff788:   0000000000000000 000000def67ffa70
0x000000def67ff798:   0000029724bb0000 000000def67ff9a0
0x000000def67ff7a8:   00007ffa34ffcca4 0000000000000002
0x000000def67ff7b8:   0000000000000000 000000def67ffa70
0x000000def67ff7c8:   0000029724bb0000 000000def67ff9d0
0x000000def67ff7d8:   00007ffa34ffcca4 0000029700000002
0x000000def67ff7e8:   0000000000000000 0000000000000000
0x000000def67ff7f8:   0000000000000000 0000000000000000
0x000000def67ff808:   00007ff9e5a9f419 0000000000000000
0x000000def67ff818:   0000000000000000 0000000000000000
0x000000def67ff828:   0000000000000000 0000000000000000
0x000000def67ff838:   0000000000000000 0000000000000000
0x000000def67ff848:   0000000000000000 0000000000000000
0x000000def67ff858:   00007ff9e5a9f419 0000000000000000 

Instructions: (pc=0x00007ffa152be2ca)
0x00007ffa152be1ca:   cc cc cc cc cc cc 48 8b 01 41 8b c8 48 8b 50 18
0x00007ffa152be1da:   48 ff a2 40 0e 00 00 cc cc cc cc cc cc cc cc cc
0x00007ffa152be1ea:   cc cc cc cc cc cc 48 8b 01 48 8b 48 18 48 8b 81
0x00007ffa152be1fa:   48 0e 00 00 41 8b c8 48 ff e0 cc cc cc cc cc cc
0x00007ffa152be20a:   cc cc cc cc cc cc 48 8b 01 41 8b d1 41 8b c8 4c
0x00007ffa152be21a:   8b 50 18 49 ff a2 50 0e 00 00 cc cc cc cc cc cc
0x00007ffa152be22a:   cc cc cc cc cc cc 48 8b 01 41 8b d1 41 8b c8 4c
0x00007ffa152be23a:   8b 50 18 49 ff a2 58 0e 00 00 cc cc cc cc cc cc
0x00007ffa152be24a:   cc cc cc cc cc cc 40 53 48 8b 01 41 8b d8 4c 8b
0x00007ffa152be25a:   44 24 30 41 8b d1 4c 8b 4c 24 38 8b cb 4c 8b 50
0x00007ffa152be26a:   18 5b 49 ff a2 60 0e 00 00 cc cc cc cc cc cc cc
0x00007ffa152be27a:   cc cc cc cc cc cc 48 8b 01 41 8b c8 48 8b 50 18
0x00007ffa152be28a:   48 ff a2 68 0e 00 00 cc cc cc cc cc cc cc cc cc
0x00007ffa152be29a:   cc cc cc cc cc cc 48 8b 01 41 8b c8 48 8b 50 18
0x00007ffa152be2aa:   48 ff a2 70 0e 00 00 cc cc cc cc cc cc cc cc cc
0x00007ffa152be2ba:   cc cc cc cc cc cc 48 8b 01 41 8b c8 48 8b 50 18
0x00007ffa152be2ca:   48 ff a2 78 0e 00 00 cc cc cc cc cc cc cc cc cc
0x00007ffa152be2da:   cc cc cc cc cc cc 48 8b 01 41 8b c8 48 8b 50 18
0x00007ffa152be2ea:   48 ff a2 80 0e 00 00 cc cc cc cc cc cc cc cc cc
0x00007ffa152be2fa:   cc cc cc cc cc cc 48 8b 01 0f 28 cb 41 8b c8 48
0x00007ffa152be30a:   8b 50 18 48 ff a2 88 0e 00 00 cc cc cc cc cc cc
0x00007ffa152be31a:   cc cc cc cc cc cc 48 8b 01 0f 28 cb f3 0f 10 54
0x00007ffa152be32a:   24 28 41 8b c8 48 8b 50 18 48 ff a2 90 0e 00 00
0x00007ffa152be33a:   cc cc cc cc cc cc 48 8b 01 0f 28 cb f3 0f 10 5c
0x00007ffa152be34a:   24 30 41 8b c8 f3 0f 10 54 24 28 48 8b 50 18 48
0x00007ffa152be35a:   ff a2 98 0e 00 00 48 8b 01 0f 28 cb f3 0f 10 44
0x00007ffa152be36a:   24 38 41 8b c8 f3 0f 10 5c 24 30 f3 0f 10 54 24
0x00007ffa152be37a:   28 48 8b 50 18 f3 0f 11 44 24 28 48 ff a2 a0 0e
0x00007ffa152be38a:   00 00 cc cc cc cc 48 8b 01 41 8b d1 41 8b c8 4c
0x00007ffa152be39a:   8b 50 18 49 ff a2 a8 0e 00 00 cc cc cc cc cc cc
0x00007ffa152be3aa:   cc cc cc cc cc cc 48 8b 01 45 8b d8 44 8b 44 24
0x00007ffa152be3ba:   28 41 8b d1 41 8b cb 4c 8b 50 18 49 ff a2 b0 0e 


Stack slot to memory mapping:

stack at sp + 0 slots: 0x0000029731decd6b is at code_begin+1067 in an Interpreter codelet
native method entry point (kind = native)  [0x0000029731dec940, 0x0000029731ded398]  2648 bytes
stack at sp + 1 slots: {method} {0x00000297834fabf8} 'glUseProgram' '(I)V' in 'org/lwjgl/opengl/GL20C'
stack at sp + 2 slots: 0x0000000000003230 is an unknown value
stack at sp + 3 slots: 0x000000def67ff6f8 is pointing into the stack for thread: 0x0000029726fdf4f0
stack at sp + 4 slots: 0x0000029731de8988 is at code_begin+1480 in an Interpreter codelet
return entry points  [0x0000029731de83c0, 0x0000029731de8f60]  2976 bytes
stack at sp + 5 slots: 0x00007ff9f6b080c0 glfw.dll
stack at sp + 6 slots: 0x0000029731dec9ff is at code_begin+191 in an Interpreter codelet
native method entry point (kind = native)  [0x0000029731dec940, 0x0000029731ded398]  2648 bytes
stack at sp + 7 slots: 0x000000def67ff6a0 is pointing into the stack for thread: 0x0000029726fdf4f0


---------------  P R O C E S S  ---------------

Threads class SMR info:
_java_thread_list=0x000002978f47a0d0, length=12, elements={
0x0000029726fdf4f0, 0x0000029741c03ca0, 0x0000029741c05420, 0x0000029741c091b0,
0x0000029741c09d40, 0x0000029741c1b770, 0x0000029741c24390, 0x0000029741c27800,
0x0000029741c35520, 0x0000029741c35bf0, 0x000002978717aca0, 0x000002978717d4e0
}

Java Threads: ( => current thread )
=>0x0000029726fdf4f0 JavaThread "main"                              [_thread_in_native, id=13152, stack(0x000000def6700000,0x000000def6800000) (1024K)]
  0x0000029741c03ca0 JavaThread "Reference Handler"          daemon [_thread_blocked, id=9740, stack(0x000000def6f00000,0x000000def7000000) (1024K)]
  0x0000029741c05420 JavaThread "Finalizer"                  daemon [_thread_blocked, id=16580, stack(0x000000def7000000,0x000000def7100000) (1024K)]
  0x0000029741c091b0 JavaThread "Signal Dispatcher"          daemon [_thread_blocked, id=10460, stack(0x000000def7100000,0x000000def7200000) (1024K)]
  0x0000029741c09d40 JavaThread "Attach Listener"            daemon [_thread_blocked, id=15088, stack(0x000000def7200000,0x000000def7300000) (1024K)]
  0x0000029741c1b770 JavaThread "Service Thread"             daemon [_thread_blocked, id=11596, stack(0x000000def7300000,0x000000def7400000) (1024K)]
  0x0000029741c24390 JavaThread "Monitor Deflation Thread"   daemon [_thread_blocked, id=6844, stack(0x000000def7400000,0x000000def7500000) (1024K)]
  0x0000029741c27800 JavaThread "C2 CompilerThread0"         daemon [_thread_blocked, id=8112, stack(0x000000def7500000,0x000000def7600000) (1024K)]
  0x0000029741c35520 JavaThread "C1 CompilerThread0"         daemon [_thread_blocked, id=3376, stack(0x000000def7600000,0x000000def7700000) (1024K)]
  0x0000029741c35bf0 JavaThread "C1 CompilerThread1"         daemon [_thread_blocked, id=14568, stack(0x000000def7700000,0x000000def7800000) (1024K)]
  0x000002978717aca0 JavaThread "Notification Thread"        daemon [_thread_blocked, id=5152, stack(0x000000def7800000,0x000000def7900000) (1024K)]
  0x000002978717d4e0 JavaThread "Common-Cleaner"             daemon [_thread_blocked, id=12608, stack(0x000000def7900000,0x000000def7a00000) (1024K)]
Total: 12

Other Threads:
  0x0000029741be7290 VMThread "VM Thread"                           [id=7064, stack(0x000000def6e00000,0x000000def6f00000) (1024K)]
  0x0000029741bd3960 WatcherThread "VM Periodic Task Thread"        [id=3276, stack(0x000000def6d00000,0x000000def6e00000) (1024K)]
  0x000002972703b5e0 WorkerThread "GC Thread#0"                     [id=16128, stack(0x000000def6800000,0x000000def6900000) (1024K)]
  0x000002972704d2a0 ConcurrentGCThread "G1 Main Marker"            [id=4852, stack(0x000000def6900000,0x000000def6a00000) (1024K)]
  0x0000029727050d90 WorkerThread "G1 Conc#0"                       [id=1212, stack(0x000000def6a00000,0x000000def6b00000) (1024K)]
  0x0000029741aa4600 ConcurrentGCThread "G1 Refine#0"               [id=7660, stack(0x000000def6b00000,0x000000def6c00000) (1024K)]
  0x0000029741aa4e30 ConcurrentGCThread "G1 Service"                [id=11236, stack(0x000000def6c00000,0x000000def6d00000) (1024K)]
Total: 7

Threads with active compile tasks:
Total: 0

VM state: not at safepoint (normal execution)

VM Mutex/Monitor currently owned by a thread: None

Heap address: 0x0000000712c00000, size: 3796 MB, Compressed Oops mode: Zero based, Oop shift amount: 3

CDS archive(s) mapped at: [0x0000029742000000-0x0000029742c80000-0x0000029742c80000), size 13107200, SharedBaseAddress: 0x0000029742000000, ArchiveRelocationMode: 1.
Compressed class space mapped at: 0x0000029743000000-0x0000029783000000, reserved size: 1073741824
Narrow klass base: 0x0000029742000000, Narrow klass shift: 0, Narrow klass range: 0x100000000

GC Precious Log:
 CardTable entry size: 512
 Card Set container configuration: InlinePtr #cards 4 size 8 Array Of Cards #cards 16 size 48 Howl #buckets 8 coarsen threshold 3686 Howl Bitmap #cards 512 size 80 coarsen threshold 460 Card regions per heap region 1 cards per card region 4096
 CPUs: 16 total, 16 available
 Memory: 15182M
 Large Page Support: Disabled
 NUMA Support: Disabled
 Compressed Oops: Enabled (Zero based)
 Heap Region Size: 2M
 Heap Min Capacity: 8M
 Heap Initial Capacity: 238M
 Heap Max Capacity: 3796M
 Pre-touch: Disabled
 Parallel Workers: 13
 Concurrent Workers: 3
 Concurrent Refinement Workers: 13
 Periodic GC: Disabled

Heap:
 garbage-first heap   total 243712K, used 6144K [0x0000000712c00000, 0x0000000800000000)
  region size 2048K, 4 young (8192K), 0 survivors (0K)
 Metaspace       used 2854K, committed 3008K, reserved 1114112K
  class space    used 193K, committed 256K, reserved 1048576K

Heap Regions: E=young(eden), S=young(survivor), O=old, HS=humongous(starts), HC=humongous(continues), CS=collection set, F=free, TAMS=top-at-mark-start, PB=parsable bottom
|   0|0x0000000712c00000, 0x0000000712c00000, 0x0000000712e00000|  0%| F|  |TAMS 0x0000000712c00000| PB 0x0000000712c00000| Untracked 
|   1|0x0000000712e00000, 0x0000000712e00000, 0x0000000713000000|  0%| F|  |TAMS 0x0000000712e00000| PB 0x0000000712e00000| Untracked 
|   2|0x0000000713000000, 0x0000000713000000, 0x0000000713200000|  0%| F|  |TAMS 0x0000000713000000| PB 0x0000000713000000| Untracked 
|   3|0x0000000713200000, 0x0000000713200000, 0x0000000713400000|  0%| F|  |TAMS 0x0000000713200000| PB 0x0000000713200000| Untracked 
|   4|0x0000000713400000, 0x0000000713400000, 0x0000000713600000|  0%| F|  |TAMS 0x0000000713400000| PB 0x0000000713400000| Untracked 
|   5|0x0000000713600000, 0x0000000713600000, 0x0000000713800000|  0%| F|  |TAMS 0x0000000713600000| PB 0x0000000713600000| Untracked 
|   6|0x0000000713800000, 0x0000000713800000, 0x0000000713a00000|  0%| F|  |TAMS 0x0000000713800000| PB 0x0000000713800000| Untracked 
|   7|0x0000000713a00000, 0x0000000713a00000, 0x0000000713c00000|  0%| F|  |TAMS 0x0000000713a00000| PB 0x0000000713a00000| Untracked 
|   8|0x0000000713c00000, 0x0000000713c00000, 0x0000000713e00000|  0%| F|  |TAMS 0x0000000713c00000| PB 0x0000000713c00000| Untracked 
|   9|0x0000000713e00000, 0x0000000713e00000, 0x0000000714000000|  0%| F|  |TAMS 0x0000000713e00000| PB 0x0000000713e00000| Untracked 
|  10|0x0000000714000000, 0x0000000714000000, 0x0000000714200000|  0%| F|  |TAMS 0x0000000714000000| PB 0x0000000714000000| Untracked 
|  11|0x0000000714200000, 0x0000000714200000, 0x0000000714400000|  0%| F|  |TAMS 0x0000000714200000| PB 0x0000000714200000| Untracked 
|  12|0x0000000714400000, 0x0000000714400000, 0x0000000714600000|  0%| F|  |TAMS 0x0000000714400000| PB 0x0000000714400000| Untracked 
|  13|0x0000000714600000, 0x0000000714600000, 0x0000000714800000|  0%| F|  |TAMS 0x0000000714600000| PB 0x0000000714600000| Untracked 
|  14|0x0000000714800000, 0x0000000714800000, 0x0000000714a00000|  0%| F|  |TAMS 0x0000000714800000| PB 0x0000000714800000| Untracked 
|  15|0x0000000714a00000, 0x0000000714a00000, 0x0000000714c00000|  0%| F|  |TAMS 0x0000000714a00000| PB 0x0000000714a00000| Untracked 
|  16|0x0000000714c00000, 0x0000000714c00000, 0x0000000714e00000|  0%| F|  |TAMS 0x0000000714c00000| PB 0x0000000714c00000| Untracked 
|  17|0x0000000714e00000, 0x0000000714e00000, 0x0000000715000000|  0%| F|  |TAMS 0x0000000714e00000| PB 0x0000000714e00000| Untracked 
|  18|0x0000000715000000, 0x0000000715000000, 0x0000000715200000|  0%| F|  |TAMS 0x0000000715000000| PB 0x0000000715000000| Untracked 
|  19|0x0000000715200000, 0x0000000715200000, 0x0000000715400000|  0%| F|  |TAMS 0x0000000715200000| PB 0x0000000715200000| Untracked 
|  20|0x0000000715400000, 0x0000000715400000, 0x0000000715600000|  0%| F|  |TAMS 0x0000000715400000| PB 0x0000000715400000| Untracked 
|  21|0x0000000715600000, 0x0000000715600000, 0x0000000715800000|  0%| F|  |TAMS 0x0000000715600000| PB 0x0000000715600000| Untracked 
|  22|0x0000000715800000, 0x0000000715800000, 0x0000000715a00000|  0%| F|  |TAMS 0x0000000715800000| PB 0x0000000715800000| Untracked 
|  23|0x0000000715a00000, 0x0000000715a00000, 0x0000000715c00000|  0%| F|  |TAMS 0x0000000715a00000| PB 0x0000000715a00000| Untracked 
|  24|0x0000000715c00000, 0x0000000715c00000, 0x0000000715e00000|  0%| F|  |TAMS 0x0000000715c00000| PB 0x0000000715c00000| Untracked 
|  25|0x0000000715e00000, 0x0000000715e00000, 0x0000000716000000|  0%| F|  |TAMS 0x0000000715e00000| PB 0x0000000715e00000| Untracked 
|  26|0x0000000716000000, 0x0000000716000000, 0x0000000716200000|  0%| F|  |TAMS 0x0000000716000000| PB 0x0000000716000000| Untracked 
|  27|0x0000000716200000, 0x0000000716200000, 0x0000000716400000|  0%| F|  |TAMS 0x0000000716200000| PB 0x0000000716200000| Untracked 
|  28|0x0000000716400000, 0x0000000716400000, 0x0000000716600000|  0%| F|  |TAMS 0x0000000716400000| PB 0x0000000716400000| Untracked 
|  29|0x0000000716600000, 0x0000000716600000, 0x0000000716800000|  0%| F|  |TAMS 0x0000000716600000| PB 0x0000000716600000| Untracked 
|  30|0x0000000716800000, 0x0000000716800000, 0x0000000716a00000|  0%| F|  |TAMS 0x0000000716800000| PB 0x0000000716800000| Untracked 
|  31|0x0000000716a00000, 0x0000000716a00000, 0x0000000716c00000|  0%| F|  |TAMS 0x0000000716a00000| PB 0x0000000716a00000| Untracked 
|  32|0x0000000716c00000, 0x0000000716c00000, 0x0000000716e00000|  0%| F|  |TAMS 0x0000000716c00000| PB 0x0000000716c00000| Untracked 
|  33|0x0000000716e00000, 0x0000000716e00000, 0x0000000717000000|  0%| F|  |TAMS 0x0000000716e00000| PB 0x0000000716e00000| Untracked 
|  34|0x0000000717000000, 0x0000000717000000, 0x0000000717200000|  0%| F|  |TAMS 0x0000000717000000| PB 0x0000000717000000| Untracked 
|  35|0x0000000717200000, 0x0000000717200000, 0x0000000717400000|  0%| F|  |TAMS 0x0000000717200000| PB 0x0000000717200000| Untracked 
|  36|0x0000000717400000, 0x0000000717400000, 0x0000000717600000|  0%| F|  |TAMS 0x0000000717400000| PB 0x0000000717400000| Untracked 
|  37|0x0000000717600000, 0x0000000717600000, 0x0000000717800000|  0%| F|  |TAMS 0x0000000717600000| PB 0x0000000717600000| Untracked 
|  38|0x0000000717800000, 0x0000000717800000, 0x0000000717a00000|  0%| F|  |TAMS 0x0000000717800000| PB 0x0000000717800000| Untracked 
|  39|0x0000000717a00000, 0x0000000717a00000, 0x0000000717c00000|  0%| F|  |TAMS 0x0000000717a00000| PB 0x0000000717a00000| Untracked 
|  40|0x0000000717c00000, 0x0000000717c00000, 0x0000000717e00000|  0%| F|  |TAMS 0x0000000717c00000| PB 0x0000000717c00000| Untracked 
|  41|0x0000000717e00000, 0x0000000717e00000, 0x0000000718000000|  0%| F|  |TAMS 0x0000000717e00000| PB 0x0000000717e00000| Untracked 
|  42|0x0000000718000000, 0x0000000718000000, 0x0000000718200000|  0%| F|  |TAMS 0x0000000718000000| PB 0x0000000718000000| Untracked 
|  43|0x0000000718200000, 0x0000000718200000, 0x0000000718400000|  0%| F|  |TAMS 0x0000000718200000| PB 0x0000000718200000| Untracked 
|  44|0x0000000718400000, 0x0000000718400000, 0x0000000718600000|  0%| F|  |TAMS 0x0000000718400000| PB 0x0000000718400000| Untracked 
|  45|0x0000000718600000, 0x0000000718600000, 0x0000000718800000|  0%| F|  |TAMS 0x0000000718600000| PB 0x0000000718600000| Untracked 
|  46|0x0000000718800000, 0x0000000718800000, 0x0000000718a00000|  0%| F|  |TAMS 0x0000000718800000| PB 0x0000000718800000| Untracked 
|  47|0x0000000718a00000, 0x0000000718a00000, 0x0000000718c00000|  0%| F|  |TAMS 0x0000000718a00000| PB 0x0000000718a00000| Untracked 
|  48|0x0000000718c00000, 0x0000000718c00000, 0x0000000718e00000|  0%| F|  |TAMS 0x0000000718c00000| PB 0x0000000718c00000| Untracked 
|  49|0x0000000718e00000, 0x0000000718e00000, 0x0000000719000000|  0%| F|  |TAMS 0x0000000718e00000| PB 0x0000000718e00000| Untracked 
|  50|0x0000000719000000, 0x0000000719000000, 0x0000000719200000|  0%| F|  |TAMS 0x0000000719000000| PB 0x0000000719000000| Untracked 
|  51|0x0000000719200000, 0x0000000719200000, 0x0000000719400000|  0%| F|  |TAMS 0x0000000719200000| PB 0x0000000719200000| Untracked 
|  52|0x0000000719400000, 0x0000000719400000, 0x0000000719600000|  0%| F|  |TAMS 0x0000000719400000| PB 0x0000000719400000| Untracked 
|  53|0x0000000719600000, 0x0000000719600000, 0x0000000719800000|  0%| F|  |TAMS 0x0000000719600000| PB 0x0000000719600000| Untracked 
|  54|0x0000000719800000, 0x0000000719800000, 0x0000000719a00000|  0%| F|  |TAMS 0x0000000719800000| PB 0x0000000719800000| Untracked 
|  55|0x0000000719a00000, 0x0000000719a00000, 0x0000000719c00000|  0%| F|  |TAMS 0x0000000719a00000| PB 0x0000000719a00000| Untracked 
|  56|0x0000000719c00000, 0x0000000719c00000, 0x0000000719e00000|  0%| F|  |TAMS 0x0000000719c00000| PB 0x0000000719c00000| Untracked 
|  57|0x0000000719e00000, 0x0000000719e00000, 0x000000071a000000|  0%| F|  |TAMS 0x0000000719e00000| PB 0x0000000719e00000| Untracked 
|  58|0x000000071a000000, 0x000000071a000000, 0x000000071a200000|  0%| F|  |TAMS 0x000000071a000000| PB 0x000000071a000000| Untracked 
|  59|0x000000071a200000, 0x000000071a200000, 0x000000071a400000|  0%| F|  |TAMS 0x000000071a200000| PB 0x000000071a200000| Untracked 
|  60|0x000000071a400000, 0x000000071a400000, 0x000000071a600000|  0%| F|  |TAMS 0x000000071a400000| PB 0x000000071a400000| Untracked 
|  61|0x000000071a600000, 0x000000071a600000, 0x000000071a800000|  0%| F|  |TAMS 0x000000071a600000| PB 0x000000071a600000| Untracked 
|  62|0x000000071a800000, 0x000000071a800000, 0x000000071aa00000|  0%| F|  |TAMS 0x000000071a800000| PB 0x000000071a800000| Untracked 
|  63|0x000000071aa00000, 0x000000071aa00000, 0x000000071ac00000|  0%| F|  |TAMS 0x000000071aa00000| PB 0x000000071aa00000| Untracked 
|  64|0x000000071ac00000, 0x000000071ac00000, 0x000000071ae00000|  0%| F|  |TAMS 0x000000071ac00000| PB 0x000000071ac00000| Untracked 
|  65|0x000000071ae00000, 0x000000071ae00000, 0x000000071b000000|  0%| F|  |TAMS 0x000000071ae00000| PB 0x000000071ae00000| Untracked 
|  66|0x000000071b000000, 0x000000071b000000, 0x000000071b200000|  0%| F|  |TAMS 0x000000071b000000| PB 0x000000071b000000| Untracked 
|  67|0x000000071b200000, 0x000000071b200000, 0x000000071b400000|  0%| F|  |TAMS 0x000000071b200000| PB 0x000000071b200000| Untracked 
|  68|0x000000071b400000, 0x000000071b400000, 0x000000071b600000|  0%| F|  |TAMS 0x000000071b400000| PB 0x000000071b400000| Untracked 
|  69|0x000000071b600000, 0x000000071b600000, 0x000000071b800000|  0%| F|  |TAMS 0x000000071b600000| PB 0x000000071b600000| Untracked 
|  70|0x000000071b800000, 0x000000071b800000, 0x000000071ba00000|  0%| F|  |TAMS 0x000000071b800000| PB 0x000000071b800000| Untracked 
|  71|0x000000071ba00000, 0x000000071ba00000, 0x000000071bc00000|  0%| F|  |TAMS 0x000000071ba00000| PB 0x000000071ba00000| Untracked 
|  72|0x000000071bc00000, 0x000000071bc00000, 0x000000071be00000|  0%| F|  |TAMS 0x000000071bc00000| PB 0x000000071bc00000| Untracked 
|  73|0x000000071be00000, 0x000000071be00000, 0x000000071c000000|  0%| F|  |TAMS 0x000000071be00000| PB 0x000000071be00000| Untracked 
|  74|0x000000071c000000, 0x000000071c000000, 0x000000071c200000|  0%| F|  |TAMS 0x000000071c000000| PB 0x000000071c000000| Untracked 
|  75|0x000000071c200000, 0x000000071c200000, 0x000000071c400000|  0%| F|  |TAMS 0x000000071c200000| PB 0x000000071c200000| Untracked 
|  76|0x000000071c400000, 0x000000071c400000, 0x000000071c600000|  0%| F|  |TAMS 0x000000071c400000| PB 0x000000071c400000| Untracked 
|  77|0x000000071c600000, 0x000000071c600000, 0x000000071c800000|  0%| F|  |TAMS 0x000000071c600000| PB 0x000000071c600000| Untracked 
|  78|0x000000071c800000, 0x000000071c800000, 0x000000071ca00000|  0%| F|  |TAMS 0x000000071c800000| PB 0x000000071c800000| Untracked 
|  79|0x000000071ca00000, 0x000000071ca00000, 0x000000071cc00000|  0%| F|  |TAMS 0x000000071ca00000| PB 0x000000071ca00000| Untracked 
|  80|0x000000071cc00000, 0x000000071cc00000, 0x000000071ce00000|  0%| F|  |TAMS 0x000000071cc00000| PB 0x000000071cc00000| Untracked 
|  81|0x000000071ce00000, 0x000000071ce00000, 0x000000071d000000|  0%| F|  |TAMS 0x000000071ce00000| PB 0x000000071ce00000| Untracked 
|  82|0x000000071d000000, 0x000000071d000000, 0x000000071d200000|  0%| F|  |TAMS 0x000000071d000000| PB 0x000000071d000000| Untracked 
|  83|0x000000071d200000, 0x000000071d200000, 0x000000071d400000|  0%| F|  |TAMS 0x000000071d200000| PB 0x000000071d200000| Untracked 
|  84|0x000000071d400000, 0x000000071d400000, 0x000000071d600000|  0%| F|  |TAMS 0x000000071d400000| PB 0x000000071d400000| Untracked 
|  85|0x000000071d600000, 0x000000071d600000, 0x000000071d800000|  0%| F|  |TAMS 0x000000071d600000| PB 0x000000071d600000| Untracked 
|  86|0x000000071d800000, 0x000000071d800000, 0x000000071da00000|  0%| F|  |TAMS 0x000000071d800000| PB 0x000000071d800000| Untracked 
|  87|0x000000071da00000, 0x000000071da00000, 0x000000071dc00000|  0%| F|  |TAMS 0x000000071da00000| PB 0x000000071da00000| Untracked 
|  88|0x000000071dc00000, 0x000000071dc00000, 0x000000071de00000|  0%| F|  |TAMS 0x000000071dc00000| PB 0x000000071dc00000| Untracked 
|  89|0x000000071de00000, 0x000000071de00000, 0x000000071e000000|  0%| F|  |TAMS 0x000000071de00000| PB 0x000000071de00000| Untracked 
|  90|0x000000071e000000, 0x000000071e000000, 0x000000071e200000|  0%| F|  |TAMS 0x000000071e000000| PB 0x000000071e000000| Untracked 
|  91|0x000000071e200000, 0x000000071e200000, 0x000000071e400000|  0%| F|  |TAMS 0x000000071e200000| PB 0x000000071e200000| Untracked 
|  92|0x000000071e400000, 0x000000071e400000, 0x000000071e600000|  0%| F|  |TAMS 0x000000071e400000| PB 0x000000071e400000| Untracked 
|  93|0x000000071e600000, 0x000000071e600000, 0x000000071e800000|  0%| F|  |TAMS 0x000000071e600000| PB 0x000000071e600000| Untracked 
|  94|0x000000071e800000, 0x000000071e800000, 0x000000071ea00000|  0%| F|  |TAMS 0x000000071e800000| PB 0x000000071e800000| Untracked 
|  95|0x000000071ea00000, 0x000000071ea00000, 0x000000071ec00000|  0%| F|  |TAMS 0x000000071ea00000| PB 0x000000071ea00000| Untracked 
|  96|0x000000071ec00000, 0x000000071ec00000, 0x000000071ee00000|  0%| F|  |TAMS 0x000000071ec00000| PB 0x000000071ec00000| Untracked 
|  97|0x000000071ee00000, 0x000000071ee00000, 0x000000071f000000|  0%| F|  |TAMS 0x000000071ee00000| PB 0x000000071ee00000| Untracked 
|  98|0x000000071f000000, 0x000000071f000000, 0x000000071f200000|  0%| F|  |TAMS 0x000000071f000000| PB 0x000000071f000000| Untracked 
|  99|0x000000071f200000, 0x000000071f200000, 0x000000071f400000|  0%| F|  |TAMS 0x000000071f200000| PB 0x000000071f200000| Untracked 
| 100|0x000000071f400000, 0x000000071f400000, 0x000000071f600000|  0%| F|  |TAMS 0x000000071f400000| PB 0x000000071f400000| Untracked 
| 101|0x000000071f600000, 0x000000071f600000, 0x000000071f800000|  0%| F|  |TAMS 0x000000071f600000| PB 0x000000071f600000| Untracked 
| 102|0x000000071f800000, 0x000000071f800000, 0x000000071fa00000|  0%| F|  |TAMS 0x000000071f800000| PB 0x000000071f800000| Untracked 
| 103|0x000000071fa00000, 0x000000071fa00000, 0x000000071fc00000|  0%| F|  |TAMS 0x000000071fa00000| PB 0x000000071fa00000| Untracked 
| 104|0x000000071fc00000, 0x000000071fc00000, 0x000000071fe00000|  0%| F|  |TAMS 0x000000071fc00000| PB 0x000000071fc00000| Untracked 
| 105|0x000000071fe00000, 0x000000071fe00000, 0x0000000720000000|  0%| F|  |TAMS 0x000000071fe00000| PB 0x000000071fe00000| Untracked 
| 106|0x0000000720000000, 0x0000000720000000, 0x0000000720200000|  0%| F|  |TAMS 0x0000000720000000| PB 0x0000000720000000| Untracked 
| 107|0x0000000720200000, 0x0000000720200000, 0x0000000720400000|  0%| F|  |TAMS 0x0000000720200000| PB 0x0000000720200000| Untracked 
| 108|0x0000000720400000, 0x0000000720400000, 0x0000000720600000|  0%| F|  |TAMS 0x0000000720400000| PB 0x0000000720400000| Untracked 
| 109|0x0000000720600000, 0x0000000720600000, 0x0000000720800000|  0%| F|  |TAMS 0x0000000720600000| PB 0x0000000720600000| Untracked 
| 110|0x0000000720800000, 0x0000000720800000, 0x0000000720a00000|  0%| F|  |TAMS 0x0000000720800000| PB 0x0000000720800000| Untracked 
| 111|0x0000000720a00000, 0x0000000720a00000, 0x0000000720c00000|  0%| F|  |TAMS 0x0000000720a00000| PB 0x0000000720a00000| Untracked 
| 112|0x0000000720c00000, 0x0000000720c00000, 0x0000000720e00000|  0%| F|  |TAMS 0x0000000720c00000| PB 0x0000000720c00000| Untracked 
| 113|0x0000000720e00000, 0x0000000720e00000, 0x0000000721000000|  0%| F|  |TAMS 0x0000000720e00000| PB 0x0000000720e00000| Untracked 
| 114|0x0000000721000000, 0x0000000721000000, 0x0000000721200000|  0%| F|  |TAMS 0x0000000721000000| PB 0x0000000721000000| Untracked 
| 115|0x0000000721200000, 0x00000007212ecc30, 0x0000000721400000| 46%| E|  |TAMS 0x0000000721200000| PB 0x0000000721200000| Complete 
| 116|0x0000000721400000, 0x0000000721600000, 0x0000000721600000|100%| E|CS|TAMS 0x0000000721400000| PB 0x0000000721400000| Complete 
| 117|0x0000000721600000, 0x0000000721800000, 0x0000000721800000|100%| E|CS|TAMS 0x0000000721600000| PB 0x0000000721600000| Complete 
| 118|0x0000000721800000, 0x0000000721a00000, 0x0000000721a00000|100%| E|CS|TAMS 0x0000000721800000| PB 0x0000000721800000| Complete 

Card table byte_map: [0x000002973a9a0000,0x000002973b110000] _byte_map_base: 0x000002973710a000

Marking Bits: (CMBitMap*) 0x000002972703dc00
 Bits: [0x000002973b110000, 0x000002973ec60000)

Polling page: 0x0000029724ba0000

Metaspace:

Usage:
  Non-class:      2.60 MB used.
      Class:    193.18 KB used.
       Both:      2.79 MB used.

Virtual space:
  Non-class space:       64.00 MB reserved,       2.69 MB (  4%) committed,  1 nodes.
      Class space:        1.00 GB reserved,     256.00 KB ( <1%) committed,  1 nodes.
             Both:        1.06 GB reserved,       2.94 MB ( <1%) committed. 

Chunk freelists:
   Non-Class:  10.79 MB
       Class:  15.67 MB
        Both:  26.46 MB

MaxMetaspaceSize: unlimited
CompressedClassSpaceSize: 1.00 GB
Initial GC threshold: 21.00 MB
Current GC threshold: 21.00 MB
CDS: on
 - commit_granule_bytes: 65536.
 - commit_granule_words: 8192.
 - virtual_space_node_default_size: 8388608.
 - enlarge_chunks_in_place: 1.
 - use_allocation_guard: 0.


Internal statistics:

num_allocs_failed_limit: 0.
num_arena_births: 62.
num_arena_deaths: 0.
num_vsnodes_births: 2.
num_vsnodes_deaths: 0.
num_space_committed: 47.
num_space_uncommitted: 0.
num_chunks_returned_to_freelist: 0.
num_chunks_taken_from_freelist: 127.
num_chunk_merges: 0.
num_chunk_splits: 83.
num_chunks_enlarged: 56.
num_inconsistent_stats: 0.

CodeHeap 'non-profiled nmethods': size=119168Kb used=162Kb max_used=162Kb free=119005Kb
 bounds [0x0000029732530000, 0x00000297327a0000, 0x0000029739990000]
CodeHeap 'profiled nmethods': size=119104Kb used=880Kb max_used=880Kb free=118223Kb
 bounds [0x000002972a990000, 0x000002972ac00000, 0x0000029731de0000]
CodeHeap 'non-nmethods': size=7488Kb used=2445Kb max_used=2459Kb free=5042Kb
 bounds [0x0000029731de0000, 0x0000029732050000, 0x0000029732530000]
CodeCache: size=245760Kb, used=3487Kb, max_used=3501Kb, free=242270Kb
 total_blobs=1604, nmethods=571, adapters=937, full_count=0
Compilation: enabled, stopped_count=0, restarted_count=0

Compilation events (20 events):
Event: 0.690 Thread 0x0000029741c35520  561       3       jdk.internal.util.WeakReferenceKey::<init> (15 bytes)
Event: 0.690 Thread 0x0000029741c35bf0 nmethod 564 0x000002972aa68c90 code [0x000002972aa68e20, 0x000002972aa68f88]
Event: 0.690 Thread 0x0000029741c35bf0  562       3       java.lang.invoke.MethodTypeForm::canonicalize (59 bytes)
Event: 0.691 Thread 0x0000029741c35520 nmethod 561 0x000002972aa69010 code [0x000002972aa69200, 0x000002972aa696b0]
Event: 0.691 Thread 0x0000029741c35520  557       3       java.lang.String::codePointAt (50 bytes)
Event: 0.691 Thread 0x0000029741c35bf0 nmethod 562 0x000002972aa69810 code [0x000002972aa69a00, 0x000002972aa69d08]
Event: 0.691 Thread 0x0000029741c35bf0  551       3       java.lang.StringConcatHelper::initialCoder (14 bytes)
Event: 0.691 Thread 0x0000029741c35bf0 nmethod 551 0x000002972aa69e10 code [0x000002972aa69fa0, 0x000002972aa6a0b0]
Event: 0.691 Thread 0x0000029741c35bf0  555       3       java.lang.StringConcatHelper::newString (67 bytes)
Event: 0.691 Thread 0x0000029741c35520 nmethod 557 0x000002972aa6a110 code [0x000002972aa6a300, 0x000002972aa6a760]
Event: 0.691 Thread 0x0000029741c35520  567       1       java.security.CodeSource::getLocation (5 bytes)
Event: 0.691 Thread 0x0000029741c35520 nmethod 567 0x0000029732558210 code [0x00000297325583a0, 0x0000029732558470]
Event: 0.691 Thread 0x0000029741c35bf0 nmethod 555 0x000002972aa6a990 code [0x000002972aa6ac00, 0x000002972aa6b5c8]
Event: 0.693 Thread 0x0000029741c35bf0  568       3       sun.misc.Unsafe::putLong (11 bytes)
Event: 0.693 Thread 0x0000029741c35520  569       3       org.lwjgl.system.MemoryUtil::memPutAddress (29 bytes)
Event: 0.693 Thread 0x0000029741c27800  570       4       java.lang.Integer::toUnsignedLong (7 bytes)
Event: 0.693 Thread 0x0000029741c35bf0 nmethod 568 0x000002972aa6b990 code [0x000002972aa6bb20, 0x000002972aa6bc30]
Event: 0.693 Thread 0x0000029741c35520 nmethod 569 0x000002972aa6bd10 code [0x000002972aa6bec0, 0x000002972aa6c0b8]
Event: 0.693 Thread 0x0000029741c27800 nmethod 570 0x0000029732558510 code [0x0000029732558680, 0x00000297325586e8]
Event: 0.693 Thread 0x0000029741c27800  571       4       sun.misc.Unsafe::putLong (11 bytes)

GC Heap History (0 events):
No events

Dll operation events (8 events):
Event: 0.011 Loaded shared library C:\Users\Lenovo\.p2\pool\plugins\org.eclipse.justj.openjdk.hotspot.jre.full.win32.x86_64_21.0.10.v20260205-0638\jre\bin\java.dll
Event: 0.044 Loaded shared library C:\Users\Lenovo\.p2\pool\plugins\org.eclipse.justj.openjdk.hotspot.jre.full.win32.x86_64_21.0.10.v20260205-0638\jre\bin\zip.dll
Event: 0.099 Loaded shared library C:\Users\Lenovo\.p2\pool\plugins\org.eclipse.justj.openjdk.hotspot.jre.full.win32.x86_64_21.0.10.v20260205-0638\jre\bin\net.dll
Event: 0.102 Loaded shared library C:\Users\Lenovo\.p2\pool\plugins\org.eclipse.justj.openjdk.hotspot.jre.full.win32.x86_64_21.0.10.v20260205-0638\jre\bin\nio.dll
Event: 0.108 Loaded shared library C:\Users\Lenovo\.p2\pool\plugins\org.eclipse.justj.openjdk.hotspot.jre.full.win32.x86_64_21.0.10.v20260205-0638\jre\bin\zip.dll
Event: 0.166 Loaded shared library C:\Users\Lenovo\.p2\pool\plugins\org.eclipse.justj.openjdk.hotspot.jre.full.win32.x86_64_21.0.10.v20260205-0638\jre\bin\jimage.dll
Event: 0.198 Loaded shared library C:\Users\Lenovo\AppData\Local\Temp\lwjgl_Lenovo\3.3.3+5\x64\lwjgl.dll
Event: 0.682 Loaded shared library C:\Users\Lenovo\AppData\Local\Temp\lwjgl_Lenovo\3.3.3+5\x64\lwjgl_opengl.dll

Deoptimization events (2 events):
Event: 0.687 Thread 0x0000029726fdf4f0 DEOPT PACKING pc=0x000002972a9aba7c sp=0x000000def67fc2f0
Event: 0.687 Thread 0x0000029726fdf4f0 DEOPT UNPACKING pc=0x0000029731e34bc2 sp=0x000000def67fb710 mode 0

Classes loaded (20 events):
Event: 0.274 Loading class java/util/function/LongPredicate
Event: 0.274 Loading class java/util/function/LongPredicate done
Event: 0.277 Loading class java/lang/foreign/MemorySegment
Event: 0.277 Loading class java/lang/foreign/MemorySegment done
Event: 0.284 Loading class java/nio/InvalidMarkException
Event: 0.284 Loading class java/nio/InvalidMarkException done
Event: 0.284 Loading class java/nio/BufferUnderflowException
Event: 0.284 Loading class java/nio/BufferUnderflowException done
Event: 0.287 Loading class java/lang/IndexOutOfBoundsException
Event: 0.287 Loading class java/lang/IndexOutOfBoundsException done
Event: 0.563 Loading class java/nio/file/FileAlreadyExistsException
Event: 0.564 Loading class java/nio/file/FileAlreadyExistsException done
Event: 0.564 Loading class java/nio/file/StandardCopyOption
Event: 0.565 Loading class java/nio/file/StandardCopyOption done
Event: 0.684 Loading class jdk/internal/foreign/MemorySessionImpl
Event: 0.684 Loading class java/lang/foreign/MemorySegment$Scope
Event: 0.684 Loading class java/lang/foreign/MemorySegment$Scope done
Event: 0.684 Loading class jdk/internal/foreign/MemorySessionImpl done
Event: 0.690 Loading class java/util/Formatter$FixedString
Event: 0.690 Loading class java/util/Formatter$FixedString done

Classes unloaded (0 events):
No events

Classes redefined (0 events):
No events

Internal exceptions (20 events):
Event: 0.162 Thread 0x0000029726fdf4f0 Exception <a 'java/lang/NoSuchMethodError'{0x00000007217fa2c8}: 'void java.lang.System.loadLibrary(java.lang.String, java.lang.Class)'> (0x00000007217fa2c8) 
thrown [s\src\hotspot\share\interpreter\linkResolver.cpp, line 773]
Event: 0.196 Thread 0x0000029726fdf4f0 Exception <a 'sun/nio/fs/WindowsException'{0x000000072142dd48}> (0x000000072142dd48) 
thrown [s\src\hotspot\share\prims\jni.cpp, line 520]
Event: 0.196 Thread 0x0000029726fdf4f0 Exception <a 'sun/nio/fs/WindowsException'{0x000000072142e2a0}> (0x000000072142e2a0) 
thrown [s\src\hotspot\share\prims\jni.cpp, line 520]
Event: 0.259 Thread 0x0000029726fdf4f0 Exception <a 'sun/nio/fs/WindowsException'{0x00000007214afdc8}> (0x00000007214afdc8) 
thrown [s\src\hotspot\share\prims\jni.cpp, line 520]
Event: 0.259 Thread 0x0000029726fdf4f0 Exception <a 'sun/nio/fs/WindowsException'{0x00000007214b0138}> (0x00000007214b0138) 
thrown [s\src\hotspot\share\prims\jni.cpp, line 520]
Event: 0.275 Thread 0x0000029726fdf4f0 Exception <a 'java/lang/NoSuchMethodError'{0x00000007214fc9a0}: 'int java.lang.invoke.DirectMethodHandle$Holder.invokeStaticInit(java.lang.Object, java.lang.Object, int, long)'> (0x00000007214fc9a0) 
thrown [s\src\hotspot\share\interpreter\linkResolver.cpp, line 773]
Event: 0.276 Thread 0x0000029726fdf4f0 Exception <a 'java/lang/NoSuchMethodError'{0x0000000721501ac8}: 'java.lang.Object java.lang.invoke.DirectMethodHandle$Holder.newInvokeSpecial(java.lang.Object, java.lang.Object, int)'> (0x0000000721501ac8) 
thrown [s\src\hotspot\share\interpreter\linkResolver.cpp, line 773]
Event: 0.279 Thread 0x0000029726fdf4f0 Exception <a 'java/lang/NoSuchMethodError'{0x0000000721510268}: 'int java.lang.invoke.DirectMethodHandle$Holder.invokeStaticInit(java.lang.Object, java.lang.Object, long, long)'> (0x0000000721510268) 
thrown [s\src\hotspot\share\interpreter\linkResolver.cpp, line 773]
Event: 0.280 Thread 0x0000029726fdf4f0 Exception <a 'java/lang/NoSuchMethodError'{0x0000000721515d10}: 'java.lang.Object java.lang.invoke.DirectMethodHandle$Holder.newInvokeSpecial(java.lang.Object, java.lang.Object, long)'> (0x0000000721515d10) 
thrown [s\src\hotspot\share\interpreter\linkResolver.cpp, line 773]
Event: 0.281 Thread 0x0000029726fdf4f0 Exception <a 'java/lang/NoSuchMethodError'{0x0000000721519e38}: 'java.lang.Object java.lang.invoke.Invokers$Holder.linkToTargetMethod(java.lang.Object, long, java.lang.Object)'> (0x0000000721519e38) 
thrown [s\src\hotspot\share\interpreter\linkResolver.cpp, line 773]
Event: 0.283 Thread 0x0000029726fdf4f0 Exception <a 'java/lang/NoSuchMethodError'{0x00000007215210b8}: 'int java.lang.invoke.DirectMethodHandle$Holder.invokeStaticInit(java.lang.Object, java.lang.Object, java.lang.Object, long)'> (0x00000007215210b8) 
thrown [s\src\hotspot\share\interpreter\linkResolver.cpp, line 773]
Event: 0.560 Thread 0x0000029726fdf4f0 Exception <a 'java/lang/NoSuchMethodError'{0x0000000721262088}: 'void java.lang.System.load(java.lang.String, java.lang.Class)'> (0x0000000721262088) 
thrown [s\src\hotspot\share\interpreter\linkResolver.cpp, line 773]
Event: 0.561 Thread 0x0000029726fdf4f0 Exception <a 'java/lang/NoSuchMethodError'{0x0000000721264ab8}: 'void java.lang.System.loadLibrary(java.lang.String, java.lang.Class)'> (0x0000000721264ab8) 
thrown [s\src\hotspot\share\interpreter\linkResolver.cpp, line 773]
Event: 0.563 Thread 0x0000029726fdf4f0 Exception <a 'sun/nio/fs/WindowsException'{0x0000000721268458}> (0x0000000721268458) 
thrown [s\src\hotspot\share\prims\jni.cpp, line 520]
Event: 0.563 Thread 0x0000029726fdf4f0 Exception <a 'sun/nio/fs/WindowsException'{0x0000000721268be0}> (0x0000000721268be0) 
thrown [s\src\hotspot\share\prims\jni.cpp, line 520]
Event: 0.565 Thread 0x0000029726fdf4f0 Exception <a 'sun/nio/fs/WindowsException'{0x000000072126f838}> (0x000000072126f838) 
thrown [s\src\hotspot\share\prims\jni.cpp, line 520]
Event: 0.678 Thread 0x0000029726fdf4f0 Exception <a 'sun/nio/fs/WindowsException'{0x0000000721274748}> (0x0000000721274748) 
thrown [s\src\hotspot\share\prims\jni.cpp, line 520]
Event: 0.678 Thread 0x0000029726fdf4f0 Exception <a 'sun/nio/fs/WindowsException'{0x0000000721274af8}> (0x0000000721274af8) 
thrown [s\src\hotspot\share\prims\jni.cpp, line 520]
Event: 0.686 Thread 0x0000029726fdf4f0 Exception <a 'sun/nio/fs/WindowsException'{0x000000072127cf48}> (0x000000072127cf48) 
thrown [s\src\hotspot\share\prims\jni.cpp, line 520]
Event: 0.686 Thread 0x0000029726fdf4f0 Exception <a 'sun/nio/fs/WindowsException'{0x000000072127d230}> (0x000000072127d230) 
thrown [s\src\hotspot\share\prims\jni.cpp, line 520]

ZGC Phase Switch (0 events):
No events

VM Operations (2 events):
Event: 0.109 Executing non-safepoint VM operation: HandshakeAllThreads (Deoptimize)
Event: 0.109 Executing non-safepoint VM operation: HandshakeAllThreads (Deoptimize) done

Memory protections (0 events):
No events

Nmethod flushes (0 events):
No events

Events (14 events):
Event: 0.029 Thread 0x0000029726fdf4f0 Thread added: 0x0000029726fdf4f0
Event: 0.051 Thread 0x0000029726fdf4f0 Thread added: 0x0000029741c03ca0
Event: 0.051 Thread 0x0000029726fdf4f0 Thread added: 0x0000029741c05420
Event: 0.052 Thread 0x0000029726fdf4f0 Thread added: 0x0000029741c091b0
Event: 0.052 Thread 0x0000029726fdf4f0 Thread added: 0x0000029741c09d40
Event: 0.052 Thread 0x0000029726fdf4f0 Thread added: 0x0000029741c1b770
Event: 0.052 Thread 0x0000029726fdf4f0 Thread added: 0x0000029741c24390
Event: 0.052 Thread 0x0000029726fdf4f0 Thread added: 0x0000029741c27800
Event: 0.052 Thread 0x0000029726fdf4f0 Thread added: 0x0000029741c35520
Event: 0.058 Thread 0x0000029741c35520 Thread added: 0x0000029741c35bf0
Event: 0.087 Thread 0x0000029726fdf4f0 Thread added: 0x000002978717aca0
Event: 0.090 Thread 0x0000029726fdf4f0 Thread added: 0x000002978717d4e0
Event: 0.250 Thread 0x0000029741c35bf0 Thread added: 0x0000029741c36990
Event: 0.538 Thread 0x0000029741c36990 Thread exited: 0x0000029741c36990


Dynamic libraries:
0x00007ff67fc30000 - 0x00007ff67fc3e000 	C:\Users\Lenovo\.p2\pool\plugins\org.eclipse.justj.openjdk.hotspot.jre.full.win32.x86_64_21.0.10.v20260205-0638\jre\bin\javaw.exe
0x00007ffa34fe0000 - 0x00007ffa35248000 	C:\WINDOWS\SYSTEM32\ntdll.dll
0x00007ffa33c30000 - 0x00007ffa33cf9000 	C:\WINDOWS\System32\KERNEL32.DLL
0x00007ffa31ad0000 - 0x00007ffa31ec1000 	C:\WINDOWS\System32\KERNELBASE.dll
0x00007ffa320e0000 - 0x00007ffa3222b000 	C:\WINDOWS\System32\ucrtbase.dll
0x00007ffa2c950000 - 0x00007ffa2c968000 	C:\Users\Lenovo\.p2\pool\plugins\org.eclipse.justj.openjdk.hotspot.jre.full.win32.x86_64_21.0.10.v20260205-0638\jre\bin\jli.dll
0x00007ffa2ef00000 - 0x00007ffa2ef1e000 	C:\Users\Lenovo\.p2\pool\plugins\org.eclipse.justj.openjdk.hotspot.jre.full.win32.x86_64_21.0.10.v20260205-0638\jre\bin\VCRUNTIME140.dll
0x00007ffa33570000 - 0x00007ffa33736000 	C:\WINDOWS\System32\USER32.dll
0x00007ffa1d980000 - 0x00007ffa1dc13000 	C:\WINDOWS\WinSxS\amd64_microsoft.windows.common-controls_6595b64144ccf1df_6.0.26100.7824_none_3e0870b2e3345462\COMCTL32.dll
0x00007ffa31aa0000 - 0x00007ffa31ac7000 	C:\WINDOWS\System32\win32u.dll
0x00007ffa33d80000 - 0x00007ffa33e29000 	C:\WINDOWS\System32\msvcrt.dll
0x00007ffa34970000 - 0x00007ffa3499b000 	C:\WINDOWS\System32\GDI32.dll
0x00007ffa318c0000 - 0x00007ffa319eb000 	C:\WINDOWS\System32\gdi32full.dll
0x00007ffa319f0000 - 0x00007ffa31a93000 	C:\WINDOWS\System32\msvcp_win.dll
0x00007ffa34650000 - 0x00007ffa34681000 	C:\WINDOWS\System32\IMM32.DLL
0x00007ffa2efc0000 - 0x00007ffa2efcc000 	C:\Users\Lenovo\.p2\pool\plugins\org.eclipse.justj.openjdk.hotspot.jre.full.win32.x86_64_21.0.10.v20260205-0638\jre\bin\vcruntime140_1.dll
0x00007ffa1ba80000 - 0x00007ffa1bb0d000 	C:\Users\Lenovo\.p2\pool\plugins\org.eclipse.justj.openjdk.hotspot.jre.full.win32.x86_64_21.0.10.v20260205-0638\jre\bin\msvcp140.dll
0x00007ff9e5790000 - 0x00007ff9e6531000 	C:\Users\Lenovo\.p2\pool\plugins\org.eclipse.justj.openjdk.hotspot.jre.full.win32.x86_64_21.0.10.v20260205-0638\jre\bin\server\jvm.dll
0x00007ffa33fe0000 - 0x00007ffa34094000 	C:\WINDOWS\System32\ADVAPI32.dll
0x00007ffa34170000 - 0x00007ffa34216000 	C:\WINDOWS\System32\sechost.dll
0x00007ffa34450000 - 0x00007ffa34568000 	C:\WINDOWS\System32\RPCRT4.dll
0x00007ffa34f20000 - 0x00007ffa34f94000 	C:\WINDOWS\System32\WS2_32.dll
0x00007ffa31740000 - 0x00007ffa3179e000 	C:\WINDOWS\SYSTEM32\POWRPROF.dll
0x00007ffa29230000 - 0x00007ffa2923b000 	C:\WINDOWS\SYSTEM32\VERSION.dll
0x00007ffa2ee40000 - 0x00007ffa2ee75000 	C:\WINDOWS\SYSTEM32\WINMM.dll
0x00007ffa31720000 - 0x00007ffa31734000 	C:\WINDOWS\SYSTEM32\UMPDC.dll
0x00007ffa30620000 - 0x00007ffa3063b000 	C:\WINDOWS\SYSTEM32\kernel.appcore.dll
0x00007ffa2ef70000 - 0x00007ffa2ef7a000 	C:\Users\Lenovo\.p2\pool\plugins\org.eclipse.justj.openjdk.hotspot.jre.full.win32.x86_64_21.0.10.v20260205-0638\jre\bin\jimage.dll
0x00007ffa2f8d0000 - 0x00007ffa2fb12000 	C:\WINDOWS\SYSTEM32\DBGHELP.DLL
0x00007ffa34a80000 - 0x00007ffa34e06000 	C:\WINDOWS\System32\combase.dll
0x00007ffa34570000 - 0x00007ffa34647000 	C:\WINDOWS\System32\OLEAUT32.dll
0x00007ffa2ee00000 - 0x00007ffa2ee3b000 	C:\WINDOWS\SYSTEM32\dbgcore.DLL
0x00007ffa32cd0000 - 0x00007ffa32d75000 	C:\WINDOWS\System32\bcryptPrimitives.dll
0x00007ffa2ee80000 - 0x00007ffa2eea0000 	C:\Users\Lenovo\.p2\pool\plugins\org.eclipse.justj.openjdk.hotspot.jre.full.win32.x86_64_21.0.10.v20260205-0638\jre\bin\java.dll
0x00007ffa32d80000 - 0x00007ffa334d2000 	C:\WINDOWS\System32\SHELL32.dll
0x00007ffa32230000 - 0x00007ffa3239a000 	C:\WINDOWS\System32\wintypes.dll
0x00007ffa323a0000 - 0x00007ffa32c03000 	C:\WINDOWS\System32\windows.storage.dll
0x00007ffa34690000 - 0x00007ffa34786000 	C:\WINDOWS\System32\SHCORE.dll
0x00007ffa34a10000 - 0x00007ffa34a77000 	C:\WINDOWS\System32\shlwapi.dll
0x00007ffa317e0000 - 0x00007ffa31809000 	C:\WINDOWS\SYSTEM32\profapi.dll
0x00007ffa2ea80000 - 0x00007ffa2ea98000 	C:\Users\Lenovo\.p2\pool\plugins\org.eclipse.justj.openjdk.hotspot.jre.full.win32.x86_64_21.0.10.v20260205-0638\jre\bin\zip.dll
0x00007ffa2c9b0000 - 0x00007ffa2c9c0000 	C:\Users\Lenovo\.p2\pool\plugins\org.eclipse.justj.openjdk.hotspot.jre.full.win32.x86_64_21.0.10.v20260205-0638\jre\bin\net.dll
0x00007ffa298d0000 - 0x00007ffa299f7000 	C:\WINDOWS\SYSTEM32\WINHTTP.dll
0x00007ffa30b70000 - 0x00007ffa30bdb000 	C:\WINDOWS\system32\mswsock.dll
0x00007ffa2c930000 - 0x00007ffa2c946000 	C:\Users\Lenovo\.p2\pool\plugins\org.eclipse.justj.openjdk.hotspot.jre.full.win32.x86_64_21.0.10.v20260205-0638\jre\bin\nio.dll
0x00007ff9f74c0000 - 0x00007ff9f753b000 	C:\Users\Lenovo\AppData\Local\Temp\lwjgl_Lenovo\3.3.3+5\x64\lwjgl.dll
0x00007ff9f6b00000 - 0x00007ff9f6b82000 	C:\Users\Lenovo\AppData\Local\Temp\lwjgl_Lenovo\3.3.3+5\x64\glfw.dll
0x00007ffa21c50000 - 0x00007ffa21c9b000 	C:\WINDOWS\SYSTEM32\dinput8.dll
0x00007ffa1ef50000 - 0x00007ffa1ef70000 	C:\WINDOWS\SYSTEM32\xinput1_4.dll
0x00007ffa31430000 - 0x00007ffa31487000 	C:\WINDOWS\SYSTEM32\cfgmgr32.dll
0x00007ffa31400000 - 0x00007ffa3142d000 	C:\WINDOWS\SYSTEM32\DEVOBJ.dll
0x00007ffa2f280000 - 0x00007ffa2f2b1000 	C:\WINDOWS\SYSTEM32\dwmapi.dll
0x00007ffa1dc20000 - 0x00007ffa1de05000 	C:\WINDOWS\SYSTEM32\inputhost.dll
0x00007ffa2e6f0000 - 0x00007ffa2e817000 	C:\WINDOWS\SYSTEM32\CoreMessaging.dll
0x00007ffa2ecb0000 - 0x00007ffa2ed5b000 	C:\WINDOWS\system32\uxtheme.dll
0x00007ffa30dc0000 - 0x00007ffa30dcc000 	C:\WINDOWS\SYSTEM32\CRYPTBASE.DLL
0x00007ffa34220000 - 0x00007ffa3437f000 	C:\WINDOWS\System32\MSCTF.dll
0x00007ff9e22b0000 - 0x00007ff9e23c0000 	C:\WINDOWS\SYSTEM32\opengl32.dll
0x00007ff9c9310000 - 0x00007ff9c933d000 	C:\WINDOWS\SYSTEM32\GLU32.dll
0x00007ffa2f2d0000 - 0x00007ffa2f314000 	C:\WINDOWS\SYSTEM32\dxcore.dll
0x00007ffa2b0d0000 - 0x00007ffa2b133000 	C:\WINDOWS\SYSTEM32\directxdatabasehelper.dll
0x00007ffa1faf0000 - 0x00007ffa1fb0a000 	C:\WINDOWS\SYSTEM32\windows.staterepositorycore.dll
0x00007ffa2afb0000 - 0x00007ffa2afdf000 	C:\WINDOWS\System32\DriverStore\FileRepository\u0416552.inf_amd64_94b48337cae7f23f\B416000\atig6pxx.dll
0x00007ff99b300000 - 0x00007ff99f7dd000 	C:\WINDOWS\System32\DriverStore\FileRepository\u0416552.inf_amd64_94b48337cae7f23f\B416000\atio6axx.dll
0x00007ffa337a0000 - 0x00007ffa33c29000 	C:\WINDOWS\System32\SETUPAPI.dll
0x00007ffa262a0000 - 0x00007ffa262d5000 	C:\WINDOWS\SYSTEM32\amdihk64.dll
0x00007ffa31ed0000 - 0x00007ffa31f52000 	C:\WINDOWS\System32\WINTRUST.dll
0x00007ffa31f60000 - 0x00007ffa320d7000 	C:\WINDOWS\System32\CRYPT32.dll
0x00007ffa30fc0000 - 0x00007ffa30fd3000 	C:\WINDOWS\SYSTEM32\MSASN1.dll
0x00007ffa317b0000 - 0x00007ffa317da000 	C:\WINDOWS\SYSTEM32\BCrypt.dll
0x00007ffa1d2d0000 - 0x00007ffa1d419000 	C:\WINDOWS\SYSTEM32\textinputframework.dll
0x00007ffa29d50000 - 0x00007ffa2a032000 	C:\WINDOWS\SYSTEM32\CoreUIComponents.dll
0x00007ffa152b0000 - 0x00007ffa1530e000 	C:\Users\Lenovo\AppData\Local\Temp\lwjgl_Lenovo\3.3.3+5\x64\lwjgl_opengl.dll

JVMTI agents: none

dbghelp: loaded successfully - version: 4.0.5 - missing functions: none
symbol engine: initialized successfully - sym options: 0x614 - pdb path: .;C:\Users\Lenovo\.p2\pool\plugins\org.eclipse.justj.openjdk.hotspot.jre.full.win32.x86_64_21.0.10.v20260205-0638\jre\bin;C:\WINDOWS\SYSTEM32;C:\WINDOWS\WinSxS\amd64_microsoft.windows.common-controls_6595b64144ccf1df_6.0.26100.7824_none_3e0870b2e3345462;C:\Users\Lenovo\.p2\pool\plugins\org.eclipse.justj.openjdk.hotspot.jre.full.win32.x86_64_21.0.10.v20260205-0638\jre\bin\server;C:\Users\Lenovo\AppData\Local\Temp\lwjgl_Lenovo\3.3.3+5\x64;C:\WINDOWS\System32\DriverStore\FileRepository\u0416552.inf_amd64_94b48337cae7f23f\B416000

VM Arguments:
jvm_args: -Dfile.encoding=UTF-8 -Dstdout.encoding=UTF-8 -Dstderr.encoding=UTF-8 -XX:+ShowCodeDetailsInExceptionMessages 
java_command: com.bora.renderer.Main
java_class_path (initial): C:\dev\eclipse-workspace\3drenderer\target\classes;C:\Users\Lenovo\.m2\repository\org\lwjgl\lwjgl\3.3.3\lwjgl-3.3.3.jar;C:\Users\Lenovo\.m2\repository\org\lwjgl\lwjgl-opengl\3.3.3\lwjgl-opengl-3.3.3.jar;C:\Users\Lenovo\.m2\repository\org\lwjgl\lwjgl-glfw\3.3.3\lwjgl-glfw-3.3.3.jar;C:\Users\Lenovo\.m2\repository\org\lwjgl\lwjgl\3.3.3\lwjgl-3.3.3-natives-windows.jar;C:\Users\Lenovo\.m2\repository\org\lwjgl\lwjgl-opengl\3.3.3\lwjgl-opengl-3.3.3-natives-windows.jar;C:\Users\Lenovo\.m2\repository\org\lwjgl\lwjgl-glfw\3.3.3\lwjgl-glfw-3.3.3-natives-windows.jar
Launcher Type: SUN_STANDARD

[Global flags]
     intx CICompilerCount                          = 12                                        {product} {ergonomic}
     uint ConcGCThreads                            = 3                                         {product} {ergonomic}
     uint G1ConcRefinementThreads                  = 13                                        {product} {ergonomic}
   size_t G1HeapRegionSize                         = 2097152                                   {product} {ergonomic}
    uintx GCDrainStackTargetSize                   = 64                                        {product} {ergonomic}
   size_t InitialHeapSize                          = 249561088                                 {product} {ergonomic}
   size_t MarkStackSize                            = 4194304                                   {product} {ergonomic}
   size_t MaxHeapSize                              = 3980394496                                {product} {ergonomic}
   size_t MaxNewSize                               = 2386558976                                {product} {ergonomic}
   size_t MinHeapDeltaBytes                        = 2097152                                   {product} {ergonomic}
   size_t MinHeapSize                              = 8388608                                   {product} {ergonomic}
    uintx NonNMethodCodeHeapSize                   = 7602480                                {pd product} {ergonomic}
    uintx NonProfiledCodeHeapSize                  = 122027880                              {pd product} {ergonomic}
    uintx ProfiledCodeHeapSize                     = 122027880                              {pd product} {ergonomic}
    uintx ReservedCodeCacheSize                    = 251658240                              {pd product} {ergonomic}
     bool SegmentedCodeCache                       = true                                      {product} {ergonomic}
     bool ShowCodeDetailsInExceptionMessages       = true                                   {manageable} {command line}
   size_t SoftMaxHeapSize                          = 3980394496                             {manageable} {ergonomic}
     bool UseCompressedOops                        = true                           {product lp64_product} {ergonomic}
     bool UseG1GC                                  = true                                      {product} {ergonomic}
     bool UseLargePagesIndividualAllocation        = false                                  {pd product} {ergonomic}

Logging:
Log output configuration:
 #0: stdout all=warning uptime,level,tags foldmultilines=false
 #1: stderr all=off uptime,level,tags foldmultilines=false

Release file:
JAVA_VERSION="21.0.10" 
MODULES="java.base java.compiler java.datatransfer java.xml java.prefs java.desktop java.instrument java.logging java.management java.security.sasl java.naming java.rmi java.management.rmi java.net.http java.scripting java.security.jgss java.transaction.xa java.sql java.sql.rowset java.xml.crypto java.se java.smartcardio jdk.accessibility jdk.internal.jvmstat jdk.attach jdk.charsets jdk.internal.opt jdk.zipfs jdk.compiler jdk.crypto.ec jdk.crypto.cryptoki jdk.crypto.mscapi jdk.dynalink jdk.internal.ed jdk.editpad jdk.hotspot.agent jdk.httpserver jdk.internal.le jdk.internal.vm.ci jdk.internal.vm.compiler jdk.internal.vm.compiler.management jdk.jartool jdk.javadoc jdk.jcmd jdk.management jdk.management.agent jdk.jconsole jdk.jdeps jdk.jdwp.agent jdk.jdi jdk.jfr jdk.jshell jdk.jsobject jdk.jstatd jdk.localedata jdk.management.jfr jdk.naming.dns jdk.naming.rmi jdk.net jdk.nio.mapmode jdk.random jdk.sctp jdk.security.auth jdk.security.jgss jdk.unsupported jdk.unsupported.desktop jdk.xml.dom" 

Environment Variables:
PATH=C:/Users/Lenovo/.p2/pool/plugins/org.eclipse.justj.openjdk.hotspot.jre.full.win32.x86_64_21.0.10.v20260205-0638/jre/bin/server;C:/Users/Lenovo/.p2/pool/plugins/org.eclipse.justj.openjdk.hotspot.jre.full.win32.x86_64_21.0.10.v20260205-0638/jre/bin;C:\WINDOWS\system32;C:\WINDOWS;C:\WINDOWS\System32\Wbem;C:\WINDOWS\System32\WindowsPowerShell\v1.0\;C:\WINDOWS\System32\OpenSSH\;C:\Program Files\dotnet\;C:\Program Files (x86)\Windows Kits\10\Windows Performance Toolkit\;C:\Program Files\Git\cmd;C:\Users\Lenovo\AppData\Local\Programs\Python\Launcher\;C:\Users\Lenovo\AppData\Local\Microsoft\WindowsApps;C:\Program Files\JetBrains\IntelliJ IDEA 2025.3.2\bin;C:\Program Files\JetBrains\PyCharm 2025.3.2.1\bin;C:\Users\Lenovo\.dotnet\tools;C:\Users\Lenovo\Desktop;
USERNAME=Lenovo
OS=Windows_NT
PROCESSOR_IDENTIFIER=AMD64 Family 25 Model 80 Stepping 0, AuthenticAMD
TMP=C:\Users\Lenovo\AppData\Local\Temp
TEMP=C:\Users\Lenovo\AppData\Local\Temp




Periodic native trim disabled

---------------  S Y S T E M  ---------------

OS:
 Windows 11 , 64 bit Build 26100 (10.0.26100.7705)
OS uptime: 0 days 4:51 hours
Hyper-V role detected

CPU: total 16 (initial active 16) (16 cores per cpu, 2 threads per core) family 25 model 80 stepping 0 microcode 0xa500011, cx8, cmov, fxsr, ht, mmx, 3dnowpref, sse, sse2, sse3, ssse3, sse4a, sse4.1, sse4.2, popcnt, lzcnt, tsc, tscinvbit, avx, avx2, aes, erms, clmul, bmi1, bmi2, adx, sha, fma, vzeroupper, clflush, clflushopt, hv, rdtscp, rdpid, fsrm, f16c, cet_ss
Processor Information for processor 0
  Max Mhz: 1901, Current Mhz: 1819, Mhz Limit: 1901
Processor Information for processor 1
  Max Mhz: 1901, Current Mhz: 1819, Mhz Limit: 1901
Processor Information for processor 2
  Max Mhz: 1901, Current Mhz: 1819, Mhz Limit: 1901
Processor Information for processor 3
  Max Mhz: 1901, Current Mhz: 1819, Mhz Limit: 1901
Processor Information for processor 4
  Max Mhz: 1901, Current Mhz: 1819, Mhz Limit: 1901
Processor Information for processor 5
  Max Mhz: 1901, Current Mhz: 1819, Mhz Limit: 1901
Processor Information for processor 6
  Max Mhz: 1901, Current Mhz: 1819, Mhz Limit: 1901
Processor Information for processor 7
  Max Mhz: 1901, Current Mhz: 1819, Mhz Limit: 1901
Processor Information for processor 8
  Max Mhz: 1901, Current Mhz: 1819, Mhz Limit: 1901
Processor Information for processor 9
  Max Mhz: 1901, Current Mhz: 1819, Mhz Limit: 1901
Processor Information for processor 10
  Max Mhz: 1901, Current Mhz: 1819, Mhz Limit: 1901
Processor Information for processor 11
  Max Mhz: 1901, Current Mhz: 1819, Mhz Limit: 1901
Processor Information for processor 12
  Max Mhz: 1901, Current Mhz: 1901, Mhz Limit: 1901
Processor Information for processor 13
  Max Mhz: 1901, Current Mhz: 1819, Mhz Limit: 1901
Processor Information for processor 14
  Max Mhz: 1901, Current Mhz: 1819, Mhz Limit: 1901
Processor Information for processor 15
  Max Mhz: 1901, Current Mhz: 1819, Mhz Limit: 1901

Memory: 4k page, system-wide physical 15182M (6588M free)
TotalPageFile size 16142M (AvailPageFile size 4828M)
current process WorkingSet (physical memory assigned to process): 103M, peak: 103M
current process commit charge ("private bytes"): 390M, peak: 390M

vm_info: OpenJDK 64-Bit Server VM (21.0.10+7-LTS) for windows-amd64 JRE (21.0.10+7-LTS), built on 2026-01-20T00:00:00Z by "admin" with MS VC++ 17.12 (VS2022)

END.
